c:\users\seo hyun-gyu\documents\ra1n\ra1n\debug\vc142.pdb
c:\users\seo hyun-gyu\documents\ra1n\ra1n\debug\vc142.idb
c:\users\seo hyun-gyu\documents\ra1n\ra1n\debug\dfu.obj
c:\users\seo hyun-gyu\documents\ra1n\ra1n\debug\main.obj
m:\repo\projekte\ra1n\ra1n\debug\vc143.pdb
m:\repo\projekte\ra1n\ra1n\debug\vc143.idb
m:\repo\projekte\ra1n\ra1n\debug\main.obj
m:\repo\projekte\ra1n\ra1n\debug\dfu.obj
c:\users\seo hyun-gyu\documents\ra1n\debug\ra1n.exe
c:\users\seo hyun-gyu\documents\ra1n\ra1n\debug\ra1n.ilk
c:\users\seo hyun-gyu\documents\ra1n\debug\ra1n.pdb
m:\repo\projekte\ra1n\ra1n\debug\vc142.idb
m:\repo\projekte\ra1n\ra1n\debug\vc142.pdb
m:\repo\projekte\ra1n\debug\ra1n.pdb
m:\repo\projekte\ra1n\ra1n\debug\ra1n.tlog\cl.command.1.tlog
m:\repo\projekte\ra1n\ra1n\debug\ra1n.tlog\cl.read.1.tlog
m:\repo\projekte\ra1n\ra1n\debug\ra1n.tlog\cl.write.1.tlog
m:\repo\projekte\ra1n\ra1n\debug\ra1n.tlog\link-cvtres.read.1.tlog
m:\repo\projekte\ra1n\ra1n\debug\ra1n.tlog\link-cvtres.write.1.tlog
m:\repo\projekte\ra1n\ra1n\debug\ra1n.tlog\link-rc.read.1.tlog
m:\repo\projekte\ra1n\ra1n\debug\ra1n.tlog\link-rc.write.1.tlog
m:\repo\projekte\ra1n\ra1n\debug\ra1n.tlog\link.command.1.tlog
m:\repo\projekte\ra1n\ra1n\debug\ra1n.tlog\link.read.1.tlog
m:\repo\projekte\ra1n\ra1n\debug\ra1n.tlog\link.write.1.tlog
